* using log directory 'E:/cmh/Meso_Freight_PMG_Base_Test_Setup/check/rFreight.Rcheck'
* using R version 3.1.3 (2015-03-09)
* using platform: x86_64-w64-mingw32 (64-bit)
* using session charset: ISO8859-1
* using option '--as-cran'
* checking for file 'rFreight/DESCRIPTION' ... OK
* this is package 'rFreight' version '0.1'
* checking package namespace information ... OK
* checking package dependencies ... OK
* checking if this is a source package ... OK
* checking if there is a namespace ... OK
* checking for executable files ... OK
* checking for hidden files and directories ... OK
* checking for portable file names ... OK
* checking whether package 'rFreight' can be installed ... OK
* checking installed package size ... NOTE
  installed size is 63.8Mb
  sub-directories of 1Mb or more:
    data  63.7Mb
* checking package directory ... OK
* checking DESCRIPTION meta-information ... OK
* checking top-level files ... NOTE
Non-standard files/directories found at top level:
  'rFreight-manual.pdf' 'rFreight.Rproj'
* checking for left-over files ... OK
* checking index information ... OK
* checking package subdirectories ... OK
* checking R files for non-ASCII characters ... OK
* checking R files for syntax errors ... OK
* checking whether the package can be loaded ... OK
* checking whether the package can be loaded with stated dependencies ... OK
* checking whether the package can be unloaded cleanly ... OK
* checking whether the namespace can be loaded with stated dependencies ... OK
* checking whether the namespace can be unloaded cleanly ... OK
* checking loading without being on the library search path ... OK
* checking dependencies in R code ... OK
* checking S3 generic/method consistency ... OK
* checking replacement functions ... OK
* checking foreign function calls ... OK
* checking R code for possible problems ... NOTE
loadPackage: warning in .packages(all = TRUE): partial argument match
  of 'all' to 'all.available'
loadInputs: no visible global function definition for 'fread'
predict_logit: no visible global function definition for ':='
predict_logit: no visible binding for global variable 'CATEGORY'
predict_logit: no visible global function definition for 'data.table'
predict_logit: no visible global function definition for
  'expand.grid.df'
predict_logit: no visible global function definition for 'melt'
predict_logit: no visible binding for global variable 'value'
predict_logit: no visible binding for global variable 'CHOICE'
predict_logit: no visible binding for global variable 'ascadj'
predict_logit: no visible binding for global variable 'TARGET'
predict_logit: no visible binding for global variable 'MODEL'
predict_logit: no visible binding for global variable 'CHID'
predict_logit: no visible binding for global variable 'TYPE'
predict_logit: no visible binding for global variable 'COEFF'
predict_logit : <anonymous> : <anonymous>: no visible binding for
  global variable 'CATEGORY'
predict_logit : <anonymous> : <anonymous>: no visible binding for
  global variable 'CHID'
predict_logit : <anonymous> : <anonymous>: no visible binding for
  global variable 'VAR'
predict_logit : <anonymous> : <anonymous>: no visible binding for
  global variable 'COEFF'
progressEnd: no visible binding for global variable 'model'
progressEnd: no visible binding for '<<-' assignment to 'model'
progressEnd: no visible binding for global variable 'pb_globalsummary'
progressEnd: no visible binding for global variable 'pbtitle'
progressEnd: no visible binding for global variable 'currentstep'
progressEnd: no visible binding for '<<-' assignment to 'runtimes'
progressEnd: no visible binding for global variable 'runtimes'
progressEnd: no visible binding for global variable 'modstarttime'
progressManager: no visible binding for '<<-' assignment to 'runtimes'
progressManager: no visible binding for global variable 'runtimes'
progressNextStep: no visible binding for global variable 'currentstep'
progressNextStep: no visible binding for '<<-' assignment to 'runtimes'
progressNextStep: no visible binding for global variable 'runtimes'
progressNextStep: no visible binding for global variable 'modstarttime'
progressNextStep: no visible binding for '<<-' assignment to
  'currentstep'
progressNextStep: no visible binding for global variable
  'pb_globalsummary'
progressNextStep: no visible binding for global variable 'pbtitle'
progressStart: no visible binding for global variable 'model'
progressStart: no visible binding for '<<-' assignment to 'pbtitle'
progressStart: no visible binding for '<<-' assignment to
  'modstarttime'
progressStart: no visible binding for '<<-' assignment to 'runtimes'
progressStart: no visible binding for global variable 'pbtitle'
progressStart: no visible binding for '<<-' assignment to
  'pb_globalsummary'
progressStart: no visible binding for '<<-' assignment to 'currentstep'
saveOutputs: no visible binding for global variable 'model'
saveSummary: no visible binding for global variable 'model'
startModel: no visible binding for global variable 'scenario'

Found the following assignments to the global environment:
File 'rFreight/R/loadInputs.R':
  assign(names(filelist)[i], fread(file.path(inputdir, filelist[[i]])), 
    envir = .GlobalEnv)
File 'rFreight/R/startModel.R':
  assign(model$steps[x], list(step = model$steps[x], steptitle = model$steptitles[x], 
    inputs = list(), inputtables = list(), summary = list(), 
    outputs = list(), validation = list()), envir = .GlobalEnv)
* checking Rd files ... WARNING
data_modepath_skims.Rd: non-ASCII input and no declared encoding
problem found in 'data_modepath_skims.Rd'
* checking Rd metadata ... OK
* checking Rd line widths ... OK
* checking Rd cross-references ... OK
* checking for missing documentation entries ... WARNING
Undocumented code objects:
  'QC_FAF_air_water_miles' 'cmap_data_zone_centroids'
  'cmap_data_zone_employment' 'cmap_data_zone_skims'
  'data_firm_pref_weights_Orig' 'data_modepath_miles'
  'data_modepath_ports' 'model_shipsize_calibration__OrigCopy'
  'summary_FAF_shipment_miles'
Undocumented data sets:
  'QC_FAF_air_water_miles' 'cmap_data_zone_centroids'
  'cmap_data_zone_employment' 'cmap_data_zone_skims'
  'data_firm_pref_weights_Orig' 'data_modepath_miles'
  'data_modepath_ports' 'model_shipsize_calibration__OrigCopy'
  'summary_FAF_shipment_miles'
All user-level objects in a package should have documentation entries.
See chapter 'Writing R documentation files' in the 'Writing R
Extensions' manual.
* checking for code/documentation mismatches ... OK
* checking Rd \usage sections ... OK
* checking Rd contents ... OK
* checking for unstated dependencies in examples ... OK
* checking contents of 'data' directory ... OK
* checking data for non-ASCII characters ... OK
* checking data for ASCII and uncompressed saves ... WARNING
  
  Note: significantly better compression could be obtained
        by using R CMD build --resave-data
                                 old_size new_size compress
  QC_FAF_air_water_miles.rda        1.2Mb    464Kb       xz
  cmap_data_zone_centroids.rda       18Kb     10Kb       xz
  cmap_data_zone_skims.rda         20.2Mb   10.3Mb       xz
  corresp_naics6_n6io_sctg.rda       30Kb     23Kb       xz
  data_2010io.rda                    68Kb     43Kb       xz
  data_emp_cbp.rda                  697Kb    441Kb       xz
  data_foreign_cons.rda             252Kb    189Kb       xz
  data_foreign_prod.rda             144Kb    110Kb       xz
  data_mesozone_gcd.rda             1.7Mb   1015Kb       xz
  data_mesozone_skims.rda            40Kb     26Kb    bzip2
  data_modepath_miles.rda           3.5Mb    1.4Mb       xz
  data_modepath_ports.rda           169Kb    112Kb       xz
  data_modepath_skims.rda          30.6Mb   11.2Mb       xz
  summary_FAF_shipment_miles.rda    5.5Mb    1.9Mb       xz
* checking examples ... OK
* checking PDF version of manual ... OK
* DONE
WARNING: There were 3 warnings.
NOTE: There were 3 notes.
