Hmm ... looks like a package
This is pdfTeX, Version 3.14159265-2.6-1.40.16 (TeX Live 2015/W32TeX) (preloaded format=pdflatex)
 restricted \write18 enabled.
entering extended mode
(./Rd2.tex
LaTeX2e <2015/01/01> patch level 2
Babel <3.9m> and hyphenation patterns for 79 languages loaded.

(c:/texlive/2015/texmf-dist/tex/latex/base/book.cls
Document Class: book 2014/09/29 v1.4h Standard LaTeX document class
(c:/texlive/2015/texmf-dist/tex/latex/base/bk10.clo))
(c:/PROGRA~1/R/R-31~1.3/share/texmf/tex/latex/Rd.sty
(c:/texlive/2015/texmf-dist/tex/latex/base/ifthen.sty)
(c:/texlive/2015/texmf-dist/tex/latex/tools/longtable.sty)
(c:/texlive/2015/texmf-dist/tex/latex/tools/bm.sty)
(c:/texlive/2015/texmf-dist/tex/latex/base/alltt.sty)
(c:/texlive/2015/texmf-dist/tex/latex/tools/verbatim.sty)
(c:/texlive/2015/texmf-dist/tex/latex/url/url.sty)
(c:/texlive/2015/texmf-dist/tex/latex/base/textcomp.sty
(c:/texlive/2015/texmf-dist/tex/latex/base/ts1enc.def))
(c:/texlive/2015/texmf-dist/tex/latex/base/fontenc.sty
(c:/texlive/2015/texmf-dist/tex/latex/base/t1enc.def))
(c:/texlive/2015/texmf-dist/tex/latex/psnfss/times.sty)
(c:/texlive/2015/texmf-dist/tex/latex/inconsolata/zi4.sty
`inconsolata-zi4' v1.05, 2014/06/22 Text macros for Inconsolata (msharpe)
(c:/texlive/2015/texmf-dist/tex/latex/graphics/keyval.sty))
(c:/texlive/2015/texmf-dist/tex/latex/graphics/color.sty
(c:/texlive/2015/texmf-dist/tex/latex/latexconfig/color.cfg)
(c:/texlive/2015/texmf-dist/tex/latex/pdftex-def/pdftex.def
(c:/texlive/2015/texmf-dist/tex/generic/oberdiek/infwarerr.sty)
(c:/texlive/2015/texmf-dist/tex/generic/oberdiek/ltxcmds.sty)))
(c:/texlive/2015/texmf-dist/tex/latex/hyperref/hyperref.sty
(c:/texlive/2015/texmf-dist/tex/generic/oberdiek/hobsub-hyperref.sty
(c:/texlive/2015/texmf-dist/tex/generic/oberdiek/hobsub-generic.sty))
(c:/texlive/2015/texmf-dist/tex/generic/ifxetex/ifxetex.sty)
(c:/texlive/2015/texmf-dist/tex/latex/oberdiek/auxhook.sty)
(c:/texlive/2015/texmf-dist/tex/latex/oberdiek/kvoptions.sty)
(c:/texlive/2015/texmf-dist/tex/latex/hyperref/pd1enc.def)
(c:/texlive/2015/texmf-dist/tex/latex/latexconfig/hyperref.cfg))

Package hyperref Message: Driver (autodetected): hpdftex.

(c:/texlive/2015/texmf-dist/tex/latex/hyperref/hpdftex.def
(c:/texlive/2015/texmf-dist/tex/latex/oberdiek/rerunfilecheck.sty))

Package hyperref Warning: Option `hyperindex' has already been used,
(hyperref)                setting the option has no effect on input line 366.


Package hyperref Warning: Option `pagebackref' has already been used,
(hyperref)                setting the option has no effect on input line 366.

) (c:/texlive/2015/texmf-dist/tex/latex/base/makeidx.sty)
(c:/texlive/2015/texmf-dist/tex/latex/base/inputenc.sty
(c:/texlive/2015/texmf-dist/tex/latex/base/utf8.def
(c:/texlive/2015/texmf-dist/tex/latex/base/t1enc.dfu)
(c:/texlive/2015/texmf-dist/tex/latex/base/ot1enc.dfu)
(c:/texlive/2015/texmf-dist/tex/latex/base/omsenc.dfu)
(c:/texlive/2015/texmf-dist/tex/latex/base/ts1enc.dfu))
(c:/texlive/2015/texmf-dist/tex/latex/base/latin1.def))
Writing index file Rd2.idx
No file Rd2.aux.
(c:/texlive/2015/texmf-dist/tex/latex/base/ts1cmr.fd)
(c:/texlive/2015/texmf-dist/tex/latex/psnfss/t1ptm.fd)
(c:/texlive/2015/texmf-dist/tex/context/base/supp-pdf.mkii
[Loading MPS to PDF converter (version 2006.09.02).]
) (c:/texlive/2015/texmf-dist/tex/latex/hyperref/nameref.sty
(c:/texlive/2015/texmf-dist/tex/generic/oberdiek/gettitlestring.sty))
(c:/texlive/2015/texmf-dist/tex/latex/psnfss/ts1ptm.fd)
(c:/texlive/2015/texmf-dist/tex/latex/inconsolata/t1zi4.fd)
(c:/texlive/2015/texmf-dist/tex/latex/psnfss/t1phv.fd)
(c:/texlive/2015/texmf-dist/tex/latex/base/utf8.def) [1{c:/texlive/2015/texmf-v
ar/fonts/map/pdftex/updmap/pdftex.map}] [2] [3] [4] [5]
(c:/texlive/2015/texmf-dist/tex/latex/base/utf8.def) [6]
(c:/texlive/2015/texmf-dist/tex/latex/base/utf8.def)
(c:/texlive/2015/texmf-dist/tex/latex/base/utf8.def) [7]
(c:/texlive/2015/texmf-dist/tex/latex/base/utf8.def) [8]
(c:/texlive/2015/texmf-dist/tex/latex/base/utf8.def) [9]
(c:/texlive/2015/texmf-dist/tex/latex/base/utf8.def) [10]
(c:/texlive/2015/texmf-dist/tex/latex/base/utf8.def) [11]
(c:/texlive/2015/texmf-dist/tex/latex/base/utf8.def)
(c:/texlive/2015/texmf-dist/tex/latex/base/utf8.def) [12]
(c:/texlive/2015/texmf-dist/tex/latex/base/utf8.def) [13]
(c:/texlive/2015/texmf-dist/tex/latex/base/utf8.def)
(c:/texlive/2015/texmf-dist/tex/latex/base/utf8.def) [14]
(c:/texlive/2015/texmf-dist/tex/latex/base/utf8.def)
(c:/texlive/2015/texmf-dist/tex/latex/base/utf8.def) [15]
(c:/texlive/2015/texmf-dist/tex/latex/base/utf8.def)
(c:/texlive/2015/texmf-dist/tex/latex/base/utf8.def) [16]
(c:/texlive/2015/texmf-dist/tex/latex/base/utf8.def) [17]
(c:/texlive/2015/texmf-dist/tex/latex/base/utf8.def)
(c:/texlive/2015/texmf-dist/tex/latex/base/utf8.def) [18]
(c:/texlive/2015/texmf-dist/tex/latex/base/utf8.def) [19]
(c:/texlive/2015/texmf-dist/tex/latex/base/utf8.def)
(c:/texlive/2015/texmf-dist/tex/latex/base/utf8.def) [20]
(c:/texlive/2015/texmf-dist/tex/latex/base/utf8.def) [21]
(c:/texlive/2015/texmf-dist/tex/latex/base/utf8.def)
(c:/texlive/2015/texmf-dist/tex/latex/base/utf8.def) [22]
(c:/texlive/2015/texmf-dist/tex/latex/base/utf8.def)
Overfull \hbox (3.49738pt too wide) in paragraph at lines 991--993
[]\T1/ptm/m/n/10 Given naics6 codes (Cen-sus, not BEA IO), re-turns naics2 code
s with some ag-gre-ga-tion (e.g. 31,32,33
(c:/texlive/2015/texmf-dist/tex/latex/base/utf8.def) [23]
(c:/texlive/2015/texmf-dist/tex/latex/base/utf8.def)
(c:/texlive/2015/texmf-dist/tex/latex/base/utf8.def) [24]
(c:/texlive/2015/texmf-dist/tex/latex/base/utf8.def) [25]
(c:/texlive/2015/texmf-dist/tex/latex/base/utf8.def)
(c:/texlive/2015/texmf-dist/tex/latex/base/utf8.def) [26]
(c:/texlive/2015/texmf-dist/tex/latex/base/utf8.def) [27]
(c:/texlive/2015/texmf-dist/tex/latex/base/utf8.def)
(c:/texlive/2015/texmf-dist/tex/latex/base/utf8.def)
(c:/texlive/2015/texmf-dist/tex/latex/base/utf8.def) [28]
Overfull \hbox (1.20724pt too wide) in paragraph at lines 1328--1329
[]\T1/ptm/m/n/10 Name of the file con-tain-ing sce-nario vari-ables, de-faults 
to "sce-nario_variables.R" 
(c:/texlive/2015/texmf-dist/tex/latex/base/utf8.def) [29]
Overfull \hbox (21.48096pt too wide) in paragraph at lines 1387--1387
 []\T1/zi4/m/n/9 # multiplier to goose initial expected tradeoff to encourage e
xperimentation with other traders[] 

Overfull \hbox (0.78098pt too wide) in paragraph at lines 1393--1393
 []\T1/zi4/m/n/9 # amount to downgrade expected payoff of seller who outright r
efuses a trade offer by buyer[] 
(c:/texlive/2015/texmf-dist/tex/latex/inconsolata/ts1zi4.fd)
Overfull \hbox (16.98099pt too wide) in paragraph at lines 1403--1403
 []\T1/zi4/m/n/9 #Call the writePMGini function to write out the variables abov
e to the PMG ini file at run time[] 
No file Rd2.ind.
[30] (./Rd2.aux)

Package rerunfilecheck Warning: File `Rd2.out' has changed.
(rerunfilecheck)                Rerun to get outlines right
(rerunfilecheck)                or use package `bookmark'.

 )
(see the transcript file for additional information){c:/texlive/2015/texmf-dist
/fonts/enc/dvips/inconsolata/i4-ts1.enc}{c:/texlive/2015/texmf-dist/fonts/enc/d
vips/base/8r.enc}{c:/texlive/2015/texmf-dist/fonts/enc/dvips/inconsolata/i4-t1-
0.enc}<c:/texlive/2015/texmf-dist/fonts/type1/public/inconsolata/Inconsolata-zi
4r.pfb><c:/texlive/2015/texmf-dist/fonts/type1/urw/helvetic/uhvr8a.pfb><c:/texl
ive/2015/texmf-dist/fonts/type1/urw/times/utmb8a.pfb><c:/texlive/2015/texmf-dis
t/fonts/type1/urw/times/utmr8a.pfb><c:/texlive/2015/texmf-dist/fonts/type1/urw/
times/utmr8a.pfb><c:/texlive/2015/texmf-dist/fonts/type1/urw/times/utmri8a.pfb>

Output written on Rd2.pdf (30 pages, 133436 bytes).
Transcript written on Rd2.log.
This is makeindex, version 2.15 [TeX Live 2015/W32TeX] (kpathsea + Thai support).
Scanning input file Rd2.idx....done (76 entries accepted, 0 rejected).
Sorting entries....done (471 comparisons).
Generating output file Rd2.ind....done (113 lines written, 0 warnings).
Output written in Rd2.ind.
Transcript written in Rd2.ilg.
This is pdfTeX, Version 3.14159265-2.6-1.40.16 (TeX Live 2015/W32TeX) (preloaded format=pdflatex)
 restricted \write18 enabled.
entering extended mode
(./Rd2.tex
LaTeX2e <2015/01/01> patch level 2
Babel <3.9m> and hyphenation patterns for 79 languages loaded.

(c:/texlive/2015/texmf-dist/tex/latex/base/book.cls
Document Class: book 2014/09/29 v1.4h Standard LaTeX document class
(c:/texlive/2015/texmf-dist/tex/latex/base/bk10.clo))
(c:/PROGRA~1/R/R-31~1.3/share/texmf/tex/latex/Rd.sty
(c:/texlive/2015/texmf-dist/tex/latex/base/ifthen.sty)
(c:/texlive/2015/texmf-dist/tex/latex/tools/longtable.sty)
(c:/texlive/2015/texmf-dist/tex/latex/tools/bm.sty)
(c:/texlive/2015/texmf-dist/tex/latex/base/alltt.sty)
(c:/texlive/2015/texmf-dist/tex/latex/tools/verbatim.sty)
(c:/texlive/2015/texmf-dist/tex/latex/url/url.sty)
(c:/texlive/2015/texmf-dist/tex/latex/base/textcomp.sty
(c:/texlive/2015/texmf-dist/tex/latex/base/ts1enc.def))
(c:/texlive/2015/texmf-dist/tex/latex/base/fontenc.sty
(c:/texlive/2015/texmf-dist/tex/latex/base/t1enc.def))
(c:/texlive/2015/texmf-dist/tex/latex/psnfss/times.sty)
(c:/texlive/2015/texmf-dist/tex/latex/inconsolata/zi4.sty
`inconsolata-zi4' v1.05, 2014/06/22 Text macros for Inconsolata (msharpe)
(c:/texlive/2015/texmf-dist/tex/latex/graphics/keyval.sty))
(c:/texlive/2015/texmf-dist/tex/latex/graphics/color.sty
(c:/texlive/2015/texmf-dist/tex/latex/latexconfig/color.cfg)
(c:/texlive/2015/texmf-dist/tex/latex/pdftex-def/pdftex.def
(c:/texlive/2015/texmf-dist/tex/generic/oberdiek/infwarerr.sty)
(c:/texlive/2015/texmf-dist/tex/generic/oberdiek/ltxcmds.sty)))
(c:/texlive/2015/texmf-dist/tex/latex/hyperref/hyperref.sty
(c:/texlive/2015/texmf-dist/tex/generic/oberdiek/hobsub-hyperref.sty
(c:/texlive/2015/texmf-dist/tex/generic/oberdiek/hobsub-generic.sty))
(c:/texlive/2015/texmf-dist/tex/generic/ifxetex/ifxetex.sty)
(c:/texlive/2015/texmf-dist/tex/latex/oberdiek/auxhook.sty)
(c:/texlive/2015/texmf-dist/tex/latex/oberdiek/kvoptions.sty)
(c:/texlive/2015/texmf-dist/tex/latex/hyperref/pd1enc.def)
(c:/texlive/2015/texmf-dist/tex/latex/latexconfig/hyperref.cfg))

Package hyperref Message: Driver (autodetected): hpdftex.

(c:/texlive/2015/texmf-dist/tex/latex/hyperref/hpdftex.def
(c:/texlive/2015/texmf-dist/tex/latex/oberdiek/rerunfilecheck.sty))

Package hyperref Warning: Option `hyperindex' has already been used,
(hyperref)                setting the option has no effect on input line 366.


Package hyperref Warning: Option `pagebackref' has already been used,
(hyperref)                setting the option has no effect on input line 366.

) (c:/texlive/2015/texmf-dist/tex/latex/base/makeidx.sty)
(c:/texlive/2015/texmf-dist/tex/latex/base/inputenc.sty
(c:/texlive/2015/texmf-dist/tex/latex/base/utf8.def
(c:/texlive/2015/texmf-dist/tex/latex/base/t1enc.dfu)
(c:/texlive/2015/texmf-dist/tex/latex/base/ot1enc.dfu)
(c:/texlive/2015/texmf-dist/tex/latex/base/omsenc.dfu)
(c:/texlive/2015/texmf-dist/tex/latex/base/ts1enc.dfu))
(c:/texlive/2015/texmf-dist/tex/latex/base/latin1.def))
Writing index file Rd2.idx
(./Rd2.aux) (c:/texlive/2015/texmf-dist/tex/latex/base/ts1cmr.fd)
(c:/texlive/2015/texmf-dist/tex/latex/psnfss/t1ptm.fd)
(c:/texlive/2015/texmf-dist/tex/context/base/supp-pdf.mkii
[Loading MPS to PDF converter (version 2006.09.02).]
) (c:/texlive/2015/texmf-dist/tex/latex/hyperref/nameref.sty
(c:/texlive/2015/texmf-dist/tex/generic/oberdiek/gettitlestring.sty))
(./Rd2.out) (./Rd2.out) (c:/texlive/2015/texmf-dist/tex/latex/psnfss/ts1ptm.fd)
(c:/texlive/2015/texmf-dist/tex/latex/inconsolata/t1zi4.fd)
(c:/texlive/2015/texmf-dist/tex/latex/psnfss/t1phv.fd) (./Rd2.toc [1{c:/texlive
/2015/texmf-var/fonts/map/pdftex/updmap/pdftex.map}])
(c:/texlive/2015/texmf-dist/tex/latex/base/utf8.def) [2] [3] [4] [5] [6]
(c:/texlive/2015/texmf-dist/tex/latex/base/utf8.def)
(c:/texlive/2015/texmf-dist/tex/latex/base/utf8.def) [7]
(c:/texlive/2015/texmf-dist/tex/latex/base/utf8.def) [8]
(c:/texlive/2015/texmf-dist/tex/latex/base/utf8.def) [9]
(c:/texlive/2015/texmf-dist/tex/latex/base/utf8.def) [10]
(c:/texlive/2015/texmf-dist/tex/latex/base/utf8.def) [11]
(c:/texlive/2015/texmf-dist/tex/latex/base/utf8.def)
(c:/texlive/2015/texmf-dist/tex/latex/base/utf8.def) [12]
(c:/texlive/2015/texmf-dist/tex/latex/base/utf8.def) [13]
(c:/texlive/2015/texmf-dist/tex/latex/base/utf8.def)
(c:/texlive/2015/texmf-dist/tex/latex/base/utf8.def) [14]
(c:/texlive/2015/texmf-dist/tex/latex/base/utf8.def) [15]
(c:/texlive/2015/texmf-dist/tex/latex/base/utf8.def)
(c:/texlive/2015/texmf-dist/tex/latex/base/utf8.def) [16]
(c:/texlive/2015/texmf-dist/tex/latex/base/utf8.def)
(c:/texlive/2015/texmf-dist/tex/latex/base/utf8.def) [17]
(c:/texlive/2015/texmf-dist/tex/latex/base/utf8.def) [18]
(c:/texlive/2015/texmf-dist/tex/latex/base/utf8.def)
(c:/texlive/2015/texmf-dist/tex/latex/base/utf8.def) [19]
(c:/texlive/2015/texmf-dist/tex/latex/base/utf8.def) [20]
(c:/texlive/2015/texmf-dist/tex/latex/base/utf8.def)
(c:/texlive/2015/texmf-dist/tex/latex/base/utf8.def) [21]
(c:/texlive/2015/texmf-dist/tex/latex/base/utf8.def) [22]
(c:/texlive/2015/texmf-dist/tex/latex/base/utf8.def)
(c:/texlive/2015/texmf-dist/tex/latex/base/utf8.def) [23]
(c:/texlive/2015/texmf-dist/tex/latex/base/utf8.def)
Overfull \hbox (3.49738pt too wide) in paragraph at lines 991--993
[]\T1/ptm/m/n/10 Given naics6 codes (Cen-sus, not BEA IO), re-turns naics2 code
s with some ag-gre-ga-tion (e.g. 31,32,33
(c:/texlive/2015/texmf-dist/tex/latex/base/utf8.def) [24]
(c:/texlive/2015/texmf-dist/tex/latex/base/utf8.def)
(c:/texlive/2015/texmf-dist/tex/latex/base/utf8.def) [25]
(c:/texlive/2015/texmf-dist/tex/latex/base/utf8.def) [26]
(c:/texlive/2015/texmf-dist/tex/latex/base/utf8.def)
(c:/texlive/2015/texmf-dist/tex/latex/base/utf8.def) [27]
(c:/texlive/2015/texmf-dist/tex/latex/base/utf8.def) [28]
(c:/texlive/2015/texmf-dist/tex/latex/base/utf8.def)
(c:/texlive/2015/texmf-dist/tex/latex/base/utf8.def)
(c:/texlive/2015/texmf-dist/tex/latex/base/utf8.def) [29]
Overfull \hbox (1.20724pt too wide) in paragraph at lines 1328--1329
[]\T1/ptm/m/n/10 Name of the file con-tain-ing sce-nario vari-ables, de-faults 
to "sce-nario_variables.R" 
(c:/texlive/2015/texmf-dist/tex/latex/base/utf8.def) [30]
Overfull \hbox (21.48096pt too wide) in paragraph at lines 1387--1387
 []\T1/zi4/m/n/9 # multiplier to goose initial expected tradeoff to encourage e
xperimentation with other traders[] 

Overfull \hbox (0.78098pt too wide) in paragraph at lines 1393--1393
 []\T1/zi4/m/n/9 # amount to downgrade expected payoff of seller who outright r
efuses a trade offer by buyer[] 
(c:/texlive/2015/texmf-dist/tex/latex/inconsolata/ts1zi4.fd)
Overfull \hbox (16.98099pt too wide) in paragraph at lines 1403--1403
 []\T1/zi4/m/n/9 #Call the writePMGini function to write out the variables abov
e to the PMG ini file at run time[] 
(./Rd2.ind [31]

LaTeX Font Warning: Font shape `T1/zi4/m/it' undefined
(Font)              using `T1/zi4/m/n' instead on input line 99.

[32]) (./Rd2.aux)

Package rerunfilecheck Warning: File `Rd2.out' has changed.
(rerunfilecheck)                Rerun to get outlines right
(rerunfilecheck)                or use package `bookmark'.


LaTeX Font Warning: Some font shapes were not available, defaults substituted.

 )
(see the transcript file for additional information){c:/texlive/2015/texmf-dist
/fonts/enc/dvips/inconsolata/i4-ts1.enc}{c:/texlive/2015/texmf-dist/fonts/enc/d
vips/base/8r.enc}{c:/texlive/2015/texmf-dist/fonts/enc/dvips/inconsolata/i4-t1-
0.enc}<c:/texlive/2015/texmf-dist/fonts/type1/public/inconsolata/Inconsolata-zi
4r.pfb><c:/texlive/2015/texmf-dist/fonts/type1/public/amsfonts/cm/cmsy10.pfb><c
:/texlive/2015/texmf-dist/fonts/type1/urw/helvetic/uhvr8a.pfb><c:/texlive/2015/
texmf-dist/fonts/type1/urw/times/utmb8a.pfb><c:/texlive/2015/texmf-dist/fonts/t
ype1/urw/times/utmr8a.pfb><c:/texlive/2015/texmf-dist/fonts/type1/urw/times/utm
r8a.pfb><c:/texlive/2015/texmf-dist/fonts/type1/urw/times/utmri8a.pfb>
Output written on Rd2.pdf (32 pages, 149102 bytes).
Transcript written on Rd2.log.
This is makeindex, version 2.15 [TeX Live 2015/W32TeX] (kpathsea + Thai support).
Scanning input file Rd2.idx....done (76 entries accepted, 0 rejected).
Sorting entries....done (471 comparisons).
Generating output file Rd2.ind....done (113 lines written, 0 warnings).
Output written in Rd2.ind.
Transcript written in Rd2.ilg.
This is pdfTeX, Version 3.14159265-2.6-1.40.16 (TeX Live 2015/W32TeX) (preloaded format=pdflatex)
 restricted \write18 enabled.
entering extended mode
(./Rd2.tex
LaTeX2e <2015/01/01> patch level 2
Babel <3.9m> and hyphenation patterns for 79 languages loaded.

(c:/texlive/2015/texmf-dist/tex/latex/base/book.cls
Document Class: book 2014/09/29 v1.4h Standard LaTeX document class
(c:/texlive/2015/texmf-dist/tex/latex/base/bk10.clo))
(c:/PROGRA~1/R/R-31~1.3/share/texmf/tex/latex/Rd.sty
(c:/texlive/2015/texmf-dist/tex/latex/base/ifthen.sty)
(c:/texlive/2015/texmf-dist/tex/latex/tools/longtable.sty)
(c:/texlive/2015/texmf-dist/tex/latex/tools/bm.sty)
(c:/texlive/2015/texmf-dist/tex/latex/base/alltt.sty)
(c:/texlive/2015/texmf-dist/tex/latex/tools/verbatim.sty)
(c:/texlive/2015/texmf-dist/tex/latex/url/url.sty)
(c:/texlive/2015/texmf-dist/tex/latex/base/textcomp.sty
(c:/texlive/2015/texmf-dist/tex/latex/base/ts1enc.def))
(c:/texlive/2015/texmf-dist/tex/latex/base/fontenc.sty
(c:/texlive/2015/texmf-dist/tex/latex/base/t1enc.def))
(c:/texlive/2015/texmf-dist/tex/latex/psnfss/times.sty)
(c:/texlive/2015/texmf-dist/tex/latex/inconsolata/zi4.sty
`inconsolata-zi4' v1.05, 2014/06/22 Text macros for Inconsolata (msharpe)
(c:/texlive/2015/texmf-dist/tex/latex/graphics/keyval.sty))
(c:/texlive/2015/texmf-dist/tex/latex/graphics/color.sty
(c:/texlive/2015/texmf-dist/tex/latex/latexconfig/color.cfg)
(c:/texlive/2015/texmf-dist/tex/latex/pdftex-def/pdftex.def
(c:/texlive/2015/texmf-dist/tex/generic/oberdiek/infwarerr.sty)
(c:/texlive/2015/texmf-dist/tex/generic/oberdiek/ltxcmds.sty)))
(c:/texlive/2015/texmf-dist/tex/latex/hyperref/hyperref.sty
(c:/texlive/2015/texmf-dist/tex/generic/oberdiek/hobsub-hyperref.sty
(c:/texlive/2015/texmf-dist/tex/generic/oberdiek/hobsub-generic.sty))
(c:/texlive/2015/texmf-dist/tex/generic/ifxetex/ifxetex.sty)
(c:/texlive/2015/texmf-dist/tex/latex/oberdiek/auxhook.sty)
(c:/texlive/2015/texmf-dist/tex/latex/oberdiek/kvoptions.sty)
(c:/texlive/2015/texmf-dist/tex/latex/hyperref/pd1enc.def)
(c:/texlive/2015/texmf-dist/tex/latex/latexconfig/hyperref.cfg))

Package hyperref Message: Driver (autodetected): hpdftex.

(c:/texlive/2015/texmf-dist/tex/latex/hyperref/hpdftex.def
(c:/texlive/2015/texmf-dist/tex/latex/oberdiek/rerunfilecheck.sty))

Package hyperref Warning: Option `hyperindex' has already been used,
(hyperref)                setting the option has no effect on input line 366.


Package hyperref Warning: Option `pagebackref' has already been used,
(hyperref)                setting the option has no effect on input line 366.

) (c:/texlive/2015/texmf-dist/tex/latex/base/makeidx.sty)
(c:/texlive/2015/texmf-dist/tex/latex/base/inputenc.sty
(c:/texlive/2015/texmf-dist/tex/latex/base/utf8.def
(c:/texlive/2015/texmf-dist/tex/latex/base/t1enc.dfu)
(c:/texlive/2015/texmf-dist/tex/latex/base/ot1enc.dfu)
(c:/texlive/2015/texmf-dist/tex/latex/base/omsenc.dfu)
(c:/texlive/2015/texmf-dist/tex/latex/base/ts1enc.dfu))
(c:/texlive/2015/texmf-dist/tex/latex/base/latin1.def))
Writing index file Rd2.idx
(./Rd2.aux) (c:/texlive/2015/texmf-dist/tex/latex/base/ts1cmr.fd)
(c:/texlive/2015/texmf-dist/tex/latex/psnfss/t1ptm.fd)
(c:/texlive/2015/texmf-dist/tex/context/base/supp-pdf.mkii
[Loading MPS to PDF converter (version 2006.09.02).]
) (c:/texlive/2015/texmf-dist/tex/latex/hyperref/nameref.sty
(c:/texlive/2015/texmf-dist/tex/generic/oberdiek/gettitlestring.sty))
(./Rd2.out) (./Rd2.out) (c:/texlive/2015/texmf-dist/tex/latex/psnfss/ts1ptm.fd)
(c:/texlive/2015/texmf-dist/tex/latex/inconsolata/t1zi4.fd)
(c:/texlive/2015/texmf-dist/tex/latex/psnfss/t1phv.fd) (./Rd2.toc [1{c:/texlive
/2015/texmf-var/fonts/map/pdftex/updmap/pdftex.map}])
(c:/texlive/2015/texmf-dist/tex/latex/base/utf8.def) [2] [3] [4] [5] [6]
(c:/texlive/2015/texmf-dist/tex/latex/base/utf8.def)
(c:/texlive/2015/texmf-dist/tex/latex/base/utf8.def) [7]
(c:/texlive/2015/texmf-dist/tex/latex/base/utf8.def) [8]
(c:/texlive/2015/texmf-dist/tex/latex/base/utf8.def) [9]
(c:/texlive/2015/texmf-dist/tex/latex/base/utf8.def) [10]
(c:/texlive/2015/texmf-dist/tex/latex/base/utf8.def) [11]
(c:/texlive/2015/texmf-dist/tex/latex/base/utf8.def)
(c:/texlive/2015/texmf-dist/tex/latex/base/utf8.def) [12]
(c:/texlive/2015/texmf-dist/tex/latex/base/utf8.def) [13]
(c:/texlive/2015/texmf-dist/tex/latex/base/utf8.def)
(c:/texlive/2015/texmf-dist/tex/latex/base/utf8.def) [14]
(c:/texlive/2015/texmf-dist/tex/latex/base/utf8.def) [15]
(c:/texlive/2015/texmf-dist/tex/latex/base/utf8.def)
(c:/texlive/2015/texmf-dist/tex/latex/base/utf8.def) [16]
(c:/texlive/2015/texmf-dist/tex/latex/base/utf8.def)
(c:/texlive/2015/texmf-dist/tex/latex/base/utf8.def) [17]
(c:/texlive/2015/texmf-dist/tex/latex/base/utf8.def) [18]
(c:/texlive/2015/texmf-dist/tex/latex/base/utf8.def)
(c:/texlive/2015/texmf-dist/tex/latex/base/utf8.def) [19]
(c:/texlive/2015/texmf-dist/tex/latex/base/utf8.def) [20]
(c:/texlive/2015/texmf-dist/tex/latex/base/utf8.def)
(c:/texlive/2015/texmf-dist/tex/latex/base/utf8.def) [21]
(c:/texlive/2015/texmf-dist/tex/latex/base/utf8.def) [22]
(c:/texlive/2015/texmf-dist/tex/latex/base/utf8.def)
(c:/texlive/2015/texmf-dist/tex/latex/base/utf8.def) [23]
(c:/texlive/2015/texmf-dist/tex/latex/base/utf8.def)
Overfull \hbox (3.49738pt too wide) in paragraph at lines 991--993
[]\T1/ptm/m/n/10 Given naics6 codes (Cen-sus, not BEA IO), re-turns naics2 code
s with some ag-gre-ga-tion (e.g. 31,32,33
(c:/texlive/2015/texmf-dist/tex/latex/base/utf8.def) [24]
(c:/texlive/2015/texmf-dist/tex/latex/base/utf8.def)
(c:/texlive/2015/texmf-dist/tex/latex/base/utf8.def) [25]
(c:/texlive/2015/texmf-dist/tex/latex/base/utf8.def) [26]
(c:/texlive/2015/texmf-dist/tex/latex/base/utf8.def)
(c:/texlive/2015/texmf-dist/tex/latex/base/utf8.def) [27]
(c:/texlive/2015/texmf-dist/tex/latex/base/utf8.def) [28]
(c:/texlive/2015/texmf-dist/tex/latex/base/utf8.def)
(c:/texlive/2015/texmf-dist/tex/latex/base/utf8.def)
(c:/texlive/2015/texmf-dist/tex/latex/base/utf8.def) [29]
Overfull \hbox (1.20724pt too wide) in paragraph at lines 1328--1329
[]\T1/ptm/m/n/10 Name of the file con-tain-ing sce-nario vari-ables, de-faults 
to "sce-nario_variables.R" 
(c:/texlive/2015/texmf-dist/tex/latex/base/utf8.def) [30]
Overfull \hbox (21.48096pt too wide) in paragraph at lines 1387--1387
 []\T1/zi4/m/n/9 # multiplier to goose initial expected tradeoff to encourage e
xperimentation with other traders[] 

Overfull \hbox (0.78098pt too wide) in paragraph at lines 1393--1393
 []\T1/zi4/m/n/9 # amount to downgrade expected payoff of seller who outright r
efuses a trade offer by buyer[] 
(c:/texlive/2015/texmf-dist/tex/latex/inconsolata/ts1zi4.fd)
Overfull \hbox (16.98099pt too wide) in paragraph at lines 1403--1403
 []\T1/zi4/m/n/9 #Call the writePMGini function to write out the variables abov
e to the PMG ini file at run time[] 
(./Rd2.ind [31]

LaTeX Font Warning: Font shape `T1/zi4/m/it' undefined
(Font)              using `T1/zi4/m/n' instead on input line 99.

[32]) (./Rd2.aux)

LaTeX Font Warning: Some font shapes were not available, defaults substituted.

 )
(see the transcript file for additional information){c:/texlive/2015/texmf-dist
/fonts/enc/dvips/inconsolata/i4-ts1.enc}{c:/texlive/2015/texmf-dist/fonts/enc/d
vips/base/8r.enc}{c:/texlive/2015/texmf-dist/fonts/enc/dvips/inconsolata/i4-t1-
0.enc}<c:/texlive/2015/texmf-dist/fonts/type1/public/inconsolata/Inconsolata-zi
4r.pfb><c:/texlive/2015/texmf-dist/fonts/type1/public/amsfonts/cm/cmsy10.pfb><c
:/texlive/2015/texmf-dist/fonts/type1/urw/helvetic/uhvr8a.pfb><c:/texlive/2015/
texmf-dist/fonts/type1/urw/times/utmb8a.pfb><c:/texlive/2015/texmf-dist/fonts/t
ype1/urw/times/utmr8a.pfb><c:/texlive/2015/texmf-dist/fonts/type1/urw/times/utm
r8a.pfb><c:/texlive/2015/texmf-dist/fonts/type1/urw/times/utmri8a.pfb>
Output written on Rd2.pdf (32 pages, 149353 bytes).
Transcript written on Rd2.log.
Saving output to 'rFreight-manual.pdf' ...
Done
You may want to clean up by 'rm -rf C:/Users/CHeither/AppData/Local/Temp/4/Rtmpsvqb03/Rd2pdf7404e461745'
